This is pdfTeX, Version 3.14159265-2.6-1.40.16 (MiKTeX 2.9) (preloaded format=pdftex 2015.12.9)  9 DEC 2015 00:58
entering extended mode
**C:/Users/leona/Downloads/cvpr2015AuthorKit/cvpr2015AuthorKit/artigo/Artigo/eg
bib.bib

(C:/Users/leona/Downloads/cvpr2015AuthorKit/cvpr2015AuthorKit/artigo/Artigo/egb
ib.bib
Missing character: There is no Ã in font cmr10!
Missing character: There is no ª in font cmr10!
Missing character: There is no Ã in font cmr10!
Missing character: There is no © in font cmr10!
Missing character: There is no Ã in font cmr10!
Missing character: There is no § in font cmr10!
Missing character: There is no Ã in font cmr10!
Missing character: There is no ª in font cmr10!
)
*
! Emergency stop.
<*> ...t/cvpr2015AuthorKit/artigo/Artigo/egbib.bib
                                                  
End of file on the terminal!

!  ==> Fatal error occurred, no output PDF file produced!
